    cd /Users/runner/work/testadmobapp/testadmobapp/build/Pods
    builtin-swiftTaskExecution -- /Applications/Xcode_15.4.app/Contents/Developer/Toolchains/XcodeDefault.xctoolchain/usr/bin/swift-frontend -frontend -emit-module -experimental-skip-non-inlinable-function-bodies-without-types /Users/runner/work/testadmobapp/testadmobapp/build/Pods/VGSLFundamentals/VGSLFundamentals/Action.swift /Users/runner/work/testadmobapp/testadmobapp/build/Pods/VGSLFundamentals/VGSLFundamentals/concurrency/AllocatedUnfairLock.swift /Users/runner/work/testadmobapp/testadmobapp/build/Pods/VGSLFundamentals/VGSLFundamentals/Archivable.swift /Users/runner/work/testadmobapp/testadmobapp/build/Pods/VGSLFundamentals/VGSLFundamentals/ArrayBuilder.swift /Users/runner/work/testadmobapp/testadmobapp/build/Pods/VGSLFundamentals/VGSLFundamentals/ArrayExtensions.swift /Users/runner/work/testadmobapp/testadmobapp/build/Pods/VGSLFundamentals/VGSLFundamentals/concurrency/operations/AsyncOperation.swift /Users/runner/work/testadmobapp/testadmobapp/build/Pods/VGSLFundamentals/VGSLFundamentals/concurrency/At
/Users/runner/work/testadmobapp/testadmobapp/build/Pods/VGSLFundamentals/VGSLFundamentals/concurrency/AllocatedUnfairLock.swift:18:5: error: 'let' property 'buffer' may not be initialized directly; use "self.init(...)" or "self = ..." instead
    buffer = Buffer.create(minimumCapacity: 1) { buffer in
    ^
/Users/runner/work/testadmobapp/testadmobapp/build/Pods/VGSLFundamentals/VGSLFundamentals/concurrency/AllocatedUnfairLock.swift:14:7: note: 'buffer' declared here
  let buffer: Buffer
      ^
/Users/runner/work/testadmobapp/testadmobapp/build/Pods/VGSLFundamentals/VGSLFundamentals/concurrency/AllocatedUnfairLock.swift:65:7: warning: switch covers known cases, but 'AllocatedUnfairLock<State>.Ownership' may have additional unknown values
      switch condition {
      ^
/Users/runner/work/testadmobapp/testadmobapp/build/Pods/VGSLFundamentals/VGSLFundamentals/concurrency/AllocatedUnfairLock.swift:65:7: note: handle unknown values using "@unknown default"
      switch condition {
      ^
/Users/runner/work/testadmobapp/testadmobapp/build/Pods/VGSLFundamentals/VGSLFundamentals/reactive/Lazy.swift:35:3: error: deinitializer can only be '@inlinable' if the class is '@_fixed_layout'
  @inlinable
  ^~~~~~~~~~
  
/Users/runner/work/testadmobapp/testadmobapp/build/Pods/VGSLFundamentals/VGSLFundamentals/reactive/Lazy.swift:31:12: error: initializer for class 'Lazy<T>' is '@inlinable' and must delegate to another initializer
  internal init(state: State) {
           ^
/Users/runner/work/testadmobapp/testadmobapp/build/Pods/VGSLFundamentals/VGSLFundamentals/reactive/Lazy.swift:88:5: warning: switch covers known cases, but 'Lazy<T>.State' may have additional unknown values
    switch state {
    ^
/Users/runner/work/testadmobapp/testadmobapp/build/Pods/VGSLFundamentals/VGSLFundamentals/reactive/Lazy.swift:88:5: note: handle unknown values using "@unknown default"
    switch state {
    ^
/Users/runner/work/testadmobapp/testadmobapp/build/Pods/VGSLFundamentals/VGSLFundamentals/reactive/Lazy.swift:115:5: warning: switch covers known cases, but 'Lazy<T>.State' may have additional unknown values
    switch state {
    ^
/Users/runner/work/testadmobapp/testadmobapp/build/Pods/VGSLFundamentals/VGSLFundamentals/reactive/Lazy.swift:115:5: note: handle unknown values using "@unknown default"
    switch state {
    ^
/Users/runner/work/testadmobapp/testadmobapp/build/Pods/VGSLFundamentals/VGSLFundamentals/reactive/Lazy.swift:132:7: warning: switch covers known cases, but 'Lazy<T>.State' may have additional unknown values
      switch state {
      ^
/Users/runner/work/testadmobapp/testadmobapp/build/Pods/VGSLFundamentals/VGSLFundamentals/reactive/Lazy.swift:132:7: note: handle unknown values using "@unknown default"
      switch state {
      ^
/Users/runner/work/testadmobapp/testadmobapp/build/Pods/VGSLFundamentals/VGSLFundamentals/reactive/Lazy.swift:171:5: warning: switch covers known cases, but 'Lazy<T>.State' may have additional unknown values
    switch state {
    ^
/Users/runner/work/testadmobapp/testadmobapp/build/Pods/VGSLFundamentals/VGSLFundamentals/reactive/Lazy.swift:171:5: note: handle unknown values using "@unknown default"
    switch state {
    ^
/Users/runner/work/testadmobapp/testadmobapp/build/Pods/VGSLFundamentals/VGSLFundamentals/reactive/observing/ObservableProperty.swift:351:7: warning: switch covers known cases, but 'ObservableProperty<T>.Modification' may have additional unknown values
      switch mod {
      ^
/Users/runner/work/testadmobapp/testadmobapp/build/Pods/VGSLFundamentals/VGSLFundamentals/reactive/observing/ObservableProperty.swift:351:7: note: handle unknown values using "@unknown default"
      switch mod {
      ^
/Users/runner/work/testadmobapp/testadmobapp/build/Pods/VGSLFundamentals/VGSLFundamentals/Zip3.swift:43:5: error: 'let' property '_seq' may not be initialized directly; use "self.init(...)" or "self = ..." instead
    _seq = (seq1, seq2, seq3)
    ^
/Users/runner/work/testadmobapp/testadmobapp/build/Pods/VGSLFundamentals/VGSLFundamentals/Zip3.swift:39:16: note: '_seq' declared here
  internal let _seq: (Seq1, Seq2, Seq3)
               ^
SwiftEmitModule normal arm64 Emitting\ module\ for\ AppMetricaLogSwift (in target 'AppMetricaLogSwift' from project 'Pods')
    cd /Users/runner/work/testadmobapp/testadmobapp/build/Pods
    builtin-swiftTaskExecution -- /Applications/Xcode_15.4.app/Contents/Developer/Toolchains/XcodeDefault.xctoolchain/usr/bin/swift-frontend -frontend -emit-module -experimental-skip-non-inlinable-function-bodies-without-types /Users/runner/work/testadmobapp/testadmobapp/build/Pods/AppMetricaLogSwift/AppMetricaLogSwift/Sources/Log.swift -target arm64-apple-ios13.0 -Xllvm -aarch64-use-tbi -enable-objc-interop -stack-check -sdk /Applications/Xcode_15.4.app/Contents/Developer/Platforms/iPhoneOS.platform/Developer/SDKs/iPhoneOS17.5.sdk -I /Users/runner/work/testadmobapp/testadmobapp/build/DerivedData/Build/Products/Release-iphoneos/AppMetricaLogSwift -F /Users/runner/work/testadmobapp/testadmobapp/build/DerivedData/Build/Products/Release-iphoneos/AppMetricaLogSwift -F /Users/runner/work/testadmobapp/testadmobapp/build/DerivedData/Build/Products/Release-iphoneos/AppMetricaLog -no-color-diagnostics -enable-library-evolution -g -import-underlying-module -module-cache-path /Users/runner/work/testadmobapp/testadmobapp
CompileC /Users/runner/work/testadmobapp/testadmobapp/build/DerivedData/Build/Intermediates.noindex/Pods.build/Release-iphoneos/KSCrash.build/Objects-normal/arm64/KSThreadCache.o /Users/runner/work/testadmobapp/testadmobapp/build/Pods/KSCrash/Sources/KSCrashRecording/KSThreadCache.c normal arm64 c com.apple.compilers.llvm.clang.1_0.compiler (in target 'KSCrash' from project 'Pods')
    cd /Users/runner/work/testadmobapp/testadmobapp/build/Pods
    /Applications/Xcode_15.4.app/Contents/Developer/Toolchains/XcodeDefault.xctoolchain/usr/bin/clang -x c -ivfsstatcache /Users/runner/work/testadmobapp/testadmobapp/build/DerivedData/SDKStatCaches.noindex/iphoneos17.5-21F77-f0fa7969d082b13145125136a829df3a.sdkstatcache -fmessage-length\=0 -fdiagnostics-show-note-include-stack -fmacro-backtrace-limit\=0 -fno-color-diagnostics -fmodules-prune-interval\=86400 -fmodules-prune-after\=345600 -fbuild-session-file\=/Users/runner/work/testadmobapp/testadmobapp/build/DerivedData/ModuleCache.noindex/Session.modulevalidation -fmodules-validate-once-per-build-session -Wnon-modular-include-in-framework-module -Werror\=non-modular-include-in-framework-module -Wno-trigraphs -Wno-missing-field-initializers -Wno-missing-prototypes -Werror\=return-type -Wdocumentation -Wunreachable-code -Werror\=deprecated-objc-isa-usage -Werror\=objc-root-class -Wno-missing-braces -Wparentheses -Wswitch -Wunused-function -Wno-unused-label -Wno-unused-parameter -Wunused-variable -Wunused-valu
CompileC /Users/runner/work/testadmobapp/testadmobapp/build/DerivedData/Build/Intermediates.noindex/Pods.build/Release-iphoneos/KSCrash.build/Objects-normal/arm64/KSThread.o /Users/runner/work/testadmobapp/testadmobapp/build/Pods/KSCrash/Sources/KSCrashRecordingCore/KSThread.c normal arm64 c com.apple.compilers.llvm.clang.1_0.compiler (in target 'KSCrash' from project 'Pods')
    cd /Users/runner/work/testadmobapp/testadmobapp/build/Pods
    /Applications/Xcode_15.4.app/Contents/Developer/Toolchains/XcodeDefault.xctoolchain/usr/bin/clang -x c -ivfsstatcache /Users/runner/work/testadmobapp/testadmobapp/build/DerivedData/SDKStatCaches.noindex/iphoneos17.5-21F77-f0fa7969d082b13145125136a829df3a.sdkstatcache -fmessage-length\=0 -fdiagnostics-show-note-include-stack -fmacro-backtrace-limit\=0 -fno-color-diagnostics -fmodules-prune-interval\=86400 -fmodules-prune-after\=345600 -fbuild-session-file\=/Users/runner/work/testadmobapp/testadmobapp/build/DerivedData/ModuleCache.noindex/Session.modulevalidation -fmodules-validate-once-per-build-session -Wnon-modular-include-in-framework-module -Werror\=non-modular-include-in-framework-module -Wno-trigraphs -Wno-missing-field-initializers -Wno-missing-prototypes -Werror\=return-type -Wdocumentation -Wunreachable-code -Werror\=deprecated-objc-isa-usage -Werror\=objc-root-class -Wno-missing-braces -Wparentheses -Wswitch -Wunused-function -Wno-unused-label -Wno-unused-parameter -Wunused-variable -Wunused-valu
CompileC /Users/runner/work/testadmobapp/testadmobapp/build/DerivedData/Build/Intermediates.noindex/Pods.build/Release-iphoneos/KSCrash.build/Objects-normal/arm64/KSSysCtl.o /Users/runner/work/testadmobapp/testadmobapp/build/Pods/KSCrash/Sources/KSCrashRecordingCore/KSSysCtl.c normal arm64 c com.apple.compilers.llvm.clang.1_0.compiler (in target 'KSCrash' from project 'Pods')
    cd /Users/runner/work/testadmobapp/testadmobapp/build/Pods
    /Applications/Xcode_15.4.app/Contents/Developer/Toolchains/XcodeDefault.xctoolchain/usr/bin/clang -x c -ivfsstatcache /Users/runner/work/testadmobapp/testadmobapp/build/DerivedData/SDKStatCaches.noindex/iphoneos17.5-21F77-f0fa7969d082b13145125136a829df3a.sdkstatcache -fmessage-length\=0 -fdiagnostics-show-note-include-stack -fmacro-backtrace-limit\=0 -fno-color-diagnostics -fmodules-prune-interval\=86400 -fmodules-prune-after\=345600 -fbuild-session-file\=/Users/runner/work/testadmobapp/testadmobapp/build/DerivedData/ModuleCache.noindex/Session.modulevalidation -fmodules-validate-once-per-build-session -Wnon-modular-include-in-framework-module -Werror\=non-modular-include-in-framework-module -Wno-trigraphs -Wno-missing-field-initializers -Wno-missing-prototypes -Werror\=return-type -Wdocumentation -Wunreachable-code -Werror\=deprecated-objc-isa-usage -Werror\=objc-root-class -Wno-missing-braces -Wparentheses -Wswitch -Wunused-function -Wno-unused-label -Wno-unused-parameter -Wunused-variable -Wunused-valu
CompileC /Users/runner/work/testadmobapp/testadmobapp/build/DerivedData/Build/Intermediates.noindex/Pods.build/Release-iphoneos/KSCrash.build/Objects-normal/arm64/KSSymbolicator.o /Users/runner/work/testadmobapp/testadmobapp/build/Pods/KSCrash/Sources/KSCrashRecordingCore/KSSymbolicator.c normal arm64 c com.apple.compilers.llvm.clang.1_0.compiler (in target 'KSCrash' from project 'Pods')
    cd /Users/runner/work/testadmobapp/testadmobapp/build/Pods
    /Applications/Xcode_15.4.app/Contents/Developer/Toolchains/XcodeDefault.xctoolchain/usr/bin/clang -x c -ivfsstatcache /Users/runner/work/testadmobapp/testadmobapp/build/DerivedData/SDKStatCaches.noindex/iphoneos17.5-21F77-f0fa7969d082b13145125136a829df3a.sdkstatcache -fmessage-length\=0 -fdiagnostics-show-note-include-stack -fmacro-backtrace-limit\=0 -fno-color-diagnostics -fmodules-prune-interval\=86400 -fmodules-prune-after\=345600 -fbuild-session-file\=/Users/runner/work/testadmobapp/testadmobapp/build/DerivedData/ModuleCache.noindex/Session.modulevalidation -fmodules-validate-once-per-build-session -Wnon-modular-include-in-framework-module -Werror\=non-modular-include-in-framework-module -Wno-trigraphs -Wno-missing-field-initializers -Wno-missing-prototypes -Werror\=return-type -Wdocumentation -Wunreachable-code -Werror\=deprecated-objc-isa-usage -Werror\=objc-root-class -Wno-missing-braces -Wparentheses -Wswitch -Wunused-function -Wno-unused-label -Wno-unused-parameter -Wunused-variable -Wunused-valu
CompileC /Users/runner/work/testadmobapp/testadmobapp/build/DerivedData/Build/Intermediates.noindex/Pods.build/Release-iphoneos/KSCrash.build/Objects-normal/arm64/KSString.o /Users/runner/work/testadmobapp/testadmobapp/build/Pods/KSCrash/Sources/KSCrashRecordingCore/KSString.c normal arm64 c com.apple.compilers.llvm.clang.1_0.compiler (in target 'KSCrash' from project 'Pods')
    cd /Users/runner/work/testadmobapp/testadmobapp/build/Pods
    /Applications/Xcode_15.4.app/Contents/Developer/Toolchains/XcodeDefault.xctoolchain/usr/bin/clang -x c -ivfsstatcache /Users/runner/work/testadmobapp/testadmobapp/build/DerivedData/SDKStatCaches.noindex/iphoneos17.5-21F77-f0fa7969d082b13145125136a829df3a.sdkstatcache -fmessage-length\=0 -fdiagnostics-show-note-include-stack -fmacro-backtrace-limit\=0 -fno-color-diagnostics -fmodules-prune-interval\=86400 -fmodules-prune-after\=345600 -fbuild-session-file\=/Users/runner/work/testadmobapp/testadmobapp/build/DerivedData/ModuleCache.noindex/Session.modulevalidation -fmodules-validate-once-per-build-session -Wnon-modular-include-in-framework-module -Werror\=non-modular-include-in-framework-module -Wno-trigraphs -Wno-missing-field-initializers -Wno-missing-prototypes -Werror\=return-type -Wdocumentation -Wunreachable-code -Werror\=deprecated-objc-isa-usage -Werror\=objc-root-class -Wno-missing-braces -Wparentheses -Wswitch -Wunused-function -Wno-unused-label -Wno-unused-parameter -Wunused-variable -Wunused-valu
CompileC /Users/runner/work/testadmobapp/testadmobapp/build/DerivedData/Build/Intermediates.noindex/Pods.build/Release-iphoneos/KSCrash.build/Objects-normal/arm64/KSStackCursor_SelfThread.o /Users/runner/work/testadmobapp/testadmobapp/build/Pods/KSCrash/Sources/KSCrashRecordingCore/KSStackCursor_SelfThread.c normal arm64 c com.apple.compilers.llvm.clang.1_0.compiler (in target 'KSCrash' from project 'Pods')
    cd /Users/runner/work/testadmobapp/testadmobapp/build/Pods
    /Applications/Xcode_15.4.app/Contents/Developer/Toolchains/XcodeDefault.xctoolchain/usr/bin/clang -x c -ivfsstatcache /Users/runner/work/testadmobapp/testadmobapp/build/DerivedData/SDKStatCaches.noindex/iphoneos17.5-21F77-f0fa7969d082b13145125136a829df3a.sdkstatcache -fmessage-length\=0 -fdiagnostics-show-note-include-stack -fmacro-backtrace-limit\=0 -fno-color-diagnostics -fmodules-prune-interval\=86400 -fmodules-prune-after\=345600 -fbuild-session-file\=/Users/runner/work/testadmobapp/testadmobapp/build/DerivedData/ModuleCache.noindex/Session.modulevalidation -fmodules-validate-once-per-build-session -Wnon-modular-include-in-framework-module -Werror\=non-modular-include-in-framework-module -Wno-trigraphs -Wno-missing-field-initializers -Wno-missing-prototypes -Werror\=return-type -Wdocumentation -Wunreachable-code -Werror\=deprecated-objc-isa-usage -Werror\=objc-root-class -Wno-missing-braces -Wparentheses -Wswitch -Wunused-function -Wno-unused-label -Wno-unused-parameter -Wunused-variable -Wunused-valu
CompileC /Users/runner/work/testadmobapp/testadmobapp/build/DerivedData/Build/Intermediates.noindex/Pods.build/Release-iphoneos/KSCrash.build/Objects-normal/arm64/KSStackCursor_MachineContext.o /Users/runner/work/testadmobapp/testadmobapp/build/Pods/KSCrash/Sources/KSCrashRecordingCore/KSStackCursor_MachineContext.c normal arm64 c com.apple.compilers.llvm.clang.1_0.compiler (in target 'KSCrash' from project 'Pods')
    cd /Users/runner/work/testadmobapp/testadmobapp/build/Pods
    /Applications/Xcode_15.4.app/Contents/Developer/Toolchains/XcodeDefault.xctoolchain/usr/bin/clang -x c -ivfsstatcache /Users/runner/work/testadmobapp/testadmobapp/build/DerivedData/SDKStatCaches.noindex/iphoneos17.5-21F77-f0fa7969d082b13145125136a829df3a.sdkstatcache -fmessage-length\=0 -fdiagnostics-show-note-include-stack -fmacro-backtrace-limit\=0 -fno-color-diagnostics -fmodules-prune-interval\=86400 -fmodules-prune-after\=345600 -fbuild-session-file\=/Users/runner/work/testadmobapp/testadmobapp/build/DerivedData/ModuleCache.noindex/Session.modulevalidation -fmodules-validate-once-per-build-session -Wnon-modular-include-in-framework-module -Werror\=non-modular-include-in-framework-module -Wno-trigraphs -Wno-missing-field-initializers -Wno-missing-prototypes -Werror\=return-type -Wdocumentation -Wunreachable-code -Werror\=deprecated-objc-isa-usage -Werror\=objc-root-class -Wno-missing-braces -Wparentheses -Wswitch -Wunused-function -Wno-unused-label -Wno-unused-parameter -Wunused-variable -Wunused-valu
CompileC /Users/runner/work/testadmobapp/testadmobapp/build/DerivedData/Build/Intermediates.noindex/Pods.build/Release-iphoneos/KSCrash.build/Objects-normal/arm64/KSStackCursor_Backtrace.o /Users/runner/work/testadmobapp/testadmobapp/build/Pods/KSCrash/Sources/KSCrashRecordingCore/KSStackCursor_Backtrace.c normal arm64 c com.apple.compilers.llvm.clang.1_0.compiler (in target 'KSCrash' from project 'Pods')
    cd /Users/runner/work/testadmobapp/testadmobapp/build/Pods
    /Applications/Xcode_15.4.app/Contents/Developer/Toolchains/XcodeDefault.xctoolchain/usr/bin/clang -x c -ivfsstatcache /Users/runner/work/testadmobapp/testadmobapp/build/DerivedData/SDKStatCaches.noindex/iphoneos17.5-21F77-f0fa7969d082b13145125136a829df3a.sdkstatcache -fmessage-length\=0 -fdiagnostics-show-note-include-stack -fmacro-backtrace-limit\=0 -fno-color-diagnostics -fmodules-prune-interval\=86400 -fmodules-prune-after\=345600 -fbuild-session-file\=/Users/runner/work/testadmobapp/testadmobapp/build/DerivedData/ModuleCache.noindex/Session.modulevalidation -fmodules-validate-once-per-build-session -Wnon-modular-include-in-framework-module -Werror\=non-modular-include-in-framework-module -Wno-trigraphs -Wno-missing-field-initializers -Wno-missing-prototypes -Werror\=return-type -Wdocumentation -Wunreachable-code -Werror\=deprecated-objc-isa-usage -Werror\=objc-root-class -Wno-missing-braces -Wparentheses -Wswitch -Wunused-function -Wno-unused-label -Wno-unused-parameter -Wunused-variable -Wunused-valu
CompileC /Users/runner/work/testadmobapp/testadmobapp/build/DerivedData/Build/Intermediates.noindex/Pods.build/Release-iphoneos/KSCrash.build/Objects-normal/arm64/KSStackCursor.o /Users/runner/work/testadmobapp/testadmobapp/build/Pods/KSCrash/Sources/KSCrashRecordingCore/KSStackCursor.c normal arm64 c com.apple.compilers.llvm.clang.1_0.compiler (in target 'KSCrash' from project 'Pods')
    cd /Users/runner/work/testadmobapp/testadmobapp/build/Pods
    /Applications/Xcode_15.4.app/Contents/Developer/Toolchains/XcodeDefault.xctoolchain/usr/bin/clang -x c -ivfsstatcache /Users/runner/work/testadmobapp/testadmobapp/build/DerivedData/SDKStatCaches.noindex/iphoneos17.5-21F77-f0fa7969d082b13145125136a829df3a.sdkstatcache -fmessage-length\=0 -fdiagnostics-show-note-include-stack -fmacro-backtrace-limit\=0 -fno-color-diagnostics -fmodules-prune-interval\=86400 -fmodules-prune-after\=345600 -fbuild-session-file\=/Users/runner/work/testadmobapp/testadmobapp/build/DerivedData/ModuleCache.noindex/Session.modulevalidation -fmodules-validate-once-per-build-session -Wnon-modular-include-in-framework-module -Werror\=non-modular-include-in-framework-module -Wno-trigraphs -Wno-missing-field-initializers -Wno-missing-prototypes -Werror\=return-type -Wdocumentation -Wunreachable-code -Werror\=deprecated-objc-isa-usage -Werror\=objc-root-class -Wno-missing-braces -Wparentheses -Wswitch -Wunused-function -Wno-unused-label -Wno-unused-parameter -Wunused-variable -Wunused-valu
CompileC /Users/runner/work/testadmobapp/testadmobapp/build/DerivedData/Build/Intermediates.noindex/Pods.build/Release-iphoneos/KSCrash.build/Objects-normal/arm64/KSSignalInfo.o /Users/runner/work/testadmobapp/testadmobapp/build/Pods/KSCrash/Sources/KSCrashRecordingCore/KSSignalInfo.c normal arm64 c com.apple.compilers.llvm.clang.1_0.compiler (in target 'KSCrash' from project 'Pods')
    cd /Users/runner/work/testadmobapp/testadmobapp/build/Pods
    /Applications/Xcode_15.4.app/Contents/Developer/Toolchains/XcodeDefault.xctoolchain/usr/bin/clang -x c -ivfsstatcache /Users/runner/work/testadmobapp/testadmobapp/build/DerivedData/SDKStatCaches.noindex/iphoneos17.5-21F77-f0fa7969d082b13145125136a829df3a.sdkstatcache -fmessage-length\=0 -fdiagnostics-show-note-include-stack -fmacro-backtrace-limit\=0 -fno-color-diagnostics -fmodules-prune-interval\=86400 -fmodules-prune-after\=345600 -fbuild-session-file\=/Users/runner/work/testadmobapp/testadmobapp/build/DerivedData/ModuleCache.noindex/Session.modulevalidation -fmodules-validate-once-per-build-session -Wnon-modular-include-in-framework-module -Werror\=non-modular-include-in-framework-module -Wno-trigraphs -Wno-missing-field-initializers -Wno-missing-prototypes -Werror\=return-type -Wdocumentation -Wunreachable-code -Werror\=deprecated-objc-isa-usage -Werror\=objc-root-class -Wno-missing-braces -Wparentheses -Wswitch -Wunused-function -Wno-unused-label -Wno-unused-parameter -Wunused-variable -Wunused-valu
CompileC /Users/runner/work/testadmobapp/testadmobapp/build/DerivedData/Build/Intermediates.noindex/Pods.build/Release-iphoneos/KSCrash.build/Objects-normal/arm64/KSObjC.o /Users/runner/work/testadmobapp/testadmobapp/build/Pods/KSCrash/Sources/KSCrashRecordingCore/KSObjC.c normal arm64 c com.apple.compilers.llvm.clang.1_0.compiler (in target 'KSCrash' from project 'Pods')
    cd /Users/runner/work/testadmobapp/testadmobapp/build/Pods
    /Applications/Xcode_15.4.app/Contents/Developer/Toolchains/XcodeDefault.xctoolchain/usr/bin/clang -x c -ivfsstatcache /Users/runner/work/testadmobapp/testadmobapp/build/DerivedData/SDKStatCaches.noindex/iphoneos17.5-21F77-f0fa7969d082b13145125136a829df3a.sdkstatcache -fmessage-length\=0 -fdiagnostics-show-note-include-stack -fmacro-backtrace-limit\=0 -fno-color-diagnostics -fmodules-prune-interval\=86400 -fmodules-prune-after\=345600 -fbuild-session-file\=/Users/runner/work/testadmobapp/testadmobapp/build/DerivedData/ModuleCache.noindex/Session.modulevalidation -fmodules-validate-once-per-build-session -Wnon-modular-include-in-framework-module -Werror\=non-modular-include-in-framework-module -Wno-trigraphs -Wno-missing-field-initializers -Wno-missing-prototypes -Werror\=return-type -Wdocumentation -Wunreachable-code -Werror\=deprecated-objc-isa-usage -Werror\=objc-root-class -Wno-missing-braces -Wparentheses -Wswitch -Wunused-function -Wno-unused-label -Wno-unused-parameter -Wunused-variable -Wunused-valu
SwiftDriverJobDiscovery normal arm64 Emitting module for AppMetricaLogSwift (in target 'AppMetricaLogSwift' from project 'Pods')
CompileC /Users/runner/work/testadmobapp/testadmobapp/build/DerivedData/Build/Intermediates.noindex/Pods.build/Release-iphoneos/KSCrash.build/Objects-normal/arm64/KSNSErrorHelper.o /Users/runner/work/testadmobapp/testadmobapp/build/Pods/KSCrash/Sources/KSCrashCore/KSNSErrorHelper.m normal arm64 objective-c com.apple.compilers.llvm.clang.1_0.compiler (in target 'KSCrash' from project 'Pods')
    cd /Users/runner/work/testadmobapp/testadmobapp/build/Pods
    /Applications/Xcode_15.4.app/Contents/Developer/Toolchains/XcodeDefault.xctoolchain/usr/bin/clang -x objective-c -ivfsstatcache /Users/runner/work/testadmobapp/testadmobapp/build/DerivedData/SDKStatCaches.noindex/iphoneos17.5-21F77-f0fa7969d082b13145125136a829df3a.sdkstatcache -fmessage-length\=0 -fdiagnostics-show-note-include-stack -fmacro-backtrace-limit\=0 -fno-color-diagnostics -fmodules-prune-interval\=86400 -fmodules-prune-after\=345600 -fbuild-session-file\=/Users/runner/work/testadmobapp/testadmobapp/build/DerivedData/ModuleCache.noindex/Session.modulevalidation -fmodules-validate-once-per-build-session -Wnon-modular-include-in-framework-module -Werror\=non-modular-include-in-framework-module -Wno-trigraphs -Wno-missing-field-initializers -Wno-missing-prototypes -Werror\=return-type -Wdocumentation -Wunreachable-code -Wno-implicit-atomic-properties -Werror\=deprecated-objc-isa-usage -Wno-objc-interface-ivars -Werror\=objc-root-class -Wno-arc-repeated-use-of-weak -Wimplicit-retain-self -Wduplicate
SwiftDriver\ Compilation\ Requirements AppMetricaLogSwift normal arm64 com.apple.xcode.tools.swift.compiler (in target 'AppMetricaLogSwift' from project 'Pods')
    cd /Users/runner/work/testadmobapp/testadmobapp/build/Pods
    builtin-Swift-Compilation-Requirements -- /Applications/Xcode_15.4.app/Contents/Developer/Toolchains/XcodeDefault.xctoolchain/usr/bin/swiftc -module-name AppMetricaLogSwift -O -whole-module-optimization -enforce-exclusivity\=checked @/Users/runner/work/testadmobapp/testadmobapp/build/DerivedData/Build/Intermediates.noindex/Pods.build/Release-iphoneos/AppMetricaLogSwift.build/Objects-normal/arm64/AppMetricaLogSwift.SwiftFileList -D COCOAPODS -sdk /Applications/Xcode_15.4.app/Contents/Developer/Platforms/iPhoneOS.platform/Developer/SDKs/iPhoneOS17.5.sdk -target arm64-apple-ios13.0 -enable-bare-slash-regex -g -module-cache-path /Users/runner/work/testadmobapp/testadmobapp/build/DerivedData/ModuleCache.noindex -Xfrontend -serialize-debugging-options -enable-library-evolution -swift-version 5 -I /Users/runner/work/testadmobapp/testadmobapp/build/DerivedData/Build/Products/Release-iphoneos/AppMetricaLogSwift -F /Users/runner/work/testadmobapp/testadmobapp/build/DerivedData/Build/Products/Release-iphoneos/AppMet
CompileC /Users/runner/work/testadmobapp/testadmobapp/build/DerivedData/Build/Intermediates.noindex/Pods.build/Release-iphoneos/KSCrash.build/Objects-normal/arm64/KSMemory.o /Users/runner/work/testadmobapp/testadmobapp/build/Pods/KSCrash/Sources/KSCrashRecordingCore/KSMemory.c normal arm64 c com.apple.compilers.llvm.clang.1_0.compiler (in target 'KSCrash' from project 'Pods')
    cd /Users/runner/work/testadmobapp/testadmobapp/build/Pods
    /Applications/Xcode_15.4.app/Contents/Developer/Toolchains/XcodeDefault.xctoolchain/usr/bin/clang -x c -ivfsstatcache /Users/runner/work/testadmobapp/testadmobapp/build/DerivedData/SDKStatCaches.noindex/iphoneos17.5-21F77-f0fa7969d082b13145125136a829df3a.sdkstatcache -fmessage-length\=0 -fdiagnostics-show-note-include-stack -fmacro-backtrace-limit\=0 -fno-color-diagnostics -fmodules-prune-interval\=86400 -fmodules-prune-after\=345600 -fbuild-session-file\=/Users/runner/work/testadmobapp/testadmobapp/build/DerivedData/ModuleCache.noindex/Session.modulevalidation -fmodules-validate-once-per-build-session -Wnon-modular-include-in-framework-module -Werror\=non-modular-include-in-framework-module -Wno-trigraphs -Wno-missing-field-initializers -Wno-missing-prototypes -Werror\=return-type -Wdocumentation -Wunreachable-code -Werror\=deprecated-objc-isa-usage -Werror\=objc-root-class -Wno-missing-braces -Wparentheses -Wswitch -Wunused-function -Wno-unused-label -Wno-unused-parameter -Wunused-variable -Wunused-valu
SwiftMergeGeneratedHeaders /Users/runner/work/testadmobapp/testadmobapp/build/DerivedData/Build/Products/Release-iphoneos/AppMetricaLogSwift/AppMetricaLogSwift.framework/Headers/AppMetricaLogSwift-Swift.h /Users/runner/work/testadmobapp/testadmobapp/build/DerivedData/Build/Intermediates.noindex/Pods.build/Release-iphoneos/AppMetricaLogSwift.build/Objects-normal/arm64/AppMetricaLogSwift-Swift.h (in target 'AppMetricaLogSwift' from project 'Pods')
    cd /Users/runner/work/testadmobapp/testadmobapp/build/Pods
    builtin-swiftHeaderTool -arch arm64 /Users/runner/work/testadmobapp/testadmobapp/build/DerivedData/Build/Intermediates.noindex/Pods.build/Release-iphoneos/AppMetricaLogSwift.build/Objects-normal/arm64/AppMetricaLogSwift-Swift.h -o /Users/runner/work/testadmobapp/testadmobapp/build/DerivedData/Build/Products/Release-iphoneos/AppMetricaLogSwift/AppMetricaLogSwift.framework/Headers/AppMetricaLogSwift-Swift.h
Copy /Users/runner/work/testadmobapp/testadmobapp/build/DerivedData/Build/Products/Release-iphoneos/AppMetricaLogSwift/AppMetricaLogSwift.framework/Modules/AppMetricaLogSwift.swiftmodule/arm64-apple-ios.swiftmodule /Users/runner/work/testadmobapp/testadmobapp/build/DerivedData/Build/Intermediates.noindex/Pods.build/Release-iphoneos/AppMetricaLogSwift.build/Objects-normal/arm64/AppMetricaLogSwift.swiftmodule (in target 'AppMetricaLogSwift' from project 'Pods')
    cd /Users/runner/work/testadmobapp/testadmobapp/build/Pods
    builtin-copy -exclude .DS_Store -exclude CVS -exclude .svn -exclude .git -exclude .hg -resolve-src-symlinks -rename /Users/runner/work/testadmobapp/testadmobapp/build/DerivedData/Build/Intermediates.noindex/Pods.build/Release-iphoneos/AppMetricaLogSwift.build/Objects-normal/arm64/AppMetricaLogSwift.swiftmodule /Users/runner/work/testadmobapp/testadmobapp/build/DerivedData/Build/Products/Release-iphoneos/AppMetricaLogSwift/AppMetricaLogSwift.framework/Modules/AppMetricaLogSwift.swiftmodule/arm64-apple-ios.swiftmodule
Copy /Users/runner/work/testadmobapp/testadmobapp/build/DerivedData/Build/Products/Release-iphoneos/AppMetricaLogSwift/AppMetricaLogSwift.framework/Modules/AppMetricaLogSwift.swiftmodule/arm64-apple-ios.swiftinterface /Users/runner/work/testadmobapp/testadmobapp/build/DerivedData/Build/Intermediates.noindex/Pods.build/Release-iphoneos/AppMetricaLogSwift.build/Objects-normal/arm64/AppMetricaLogSwift.swiftinterface (in target 'AppMetricaLogSwift' from project 'Pods')
    cd /Users/runner/work/testadmobapp/testadmobapp/build/Pods
    builtin-copy -exclude .DS_Store -exclude CVS -exclude .svn -exclude .git -exclude .hg -resolve-src-symlinks -rename /Users/runner/work/testadmobapp/testadmobapp/build/DerivedData/Build/Intermediates.noindex/Pods.build/Release-iphoneos/AppMetricaLogSwift.build/Objects-normal/arm64/AppMetricaLogSwift.swiftinterface /Users/runner/work/testadmobapp/testadmobapp/build/DerivedData/Build/Products/Release-iphoneos/AppMetricaLogSwift/AppMetricaLogSwift.framework/Modules/AppMetricaLogSwift.swiftmodule/arm64-apple-ios.swiftinterface
Copy /Users/runner/work/testadmobapp/testadmobapp/build/DerivedData/Build/Products/Release-iphoneos/AppMetricaLogSwift/AppMetricaLogSwift.framework/Modules/AppMetricaLogSwift.swiftmodule/arm64-apple-ios.swiftdoc /Users/runner/work/testadmobapp/testadmobapp/build/DerivedData/Build/Intermediates.noindex/Pods.build/Release-iphoneos/AppMetricaLogSwift.build/Objects-normal/arm64/AppMetricaLogSwift.swiftdoc (in target 'AppMetricaLogSwift' from project 'Pods')
    cd /Users/runner/work/testadmobapp/testadmobapp/build/Pods
    builtin-copy -exclude .DS_Store -exclude CVS -exclude .svn -exclude .git -exclude .hg -resolve-src-symlinks -rename /Users/runner/work/testadmobapp/testadmobapp/build/DerivedData/Build/Intermediates.noindex/Pods.build/Release-iphoneos/AppMetricaLogSwift.build/Objects-normal/arm64/AppMetricaLogSwift.swiftdoc /Users/runner/work/testadmobapp/testadmobapp/build/DerivedData/Build/Products/Release-iphoneos/AppMetricaLogSwift/AppMetricaLogSwift.framework/Modules/AppMetricaLogSwift.swiftmodule/arm64-apple-ios.swiftdoc
Copy /Users/runner/work/testadmobapp/testadmobapp/build/DerivedData/Build/Products/Release-iphoneos/AppMetricaLogSwift/AppMetricaLogSwift.framework/Modules/AppMetricaLogSwift.swiftmodule/arm64-apple-ios.private.swiftinterface /Users/runner/work/testadmobapp/testadmobapp/build/DerivedData/Build/Intermediates.noindex/Pods.build/Release-iphoneos/AppMetricaLogSwift.build/Objects-normal/arm64/AppMetricaLogSwift.private.swiftinterface (in target 'AppMetricaLogSwift' from project 'Pods')
    cd /Users/runner/work/testadmobapp/testadmobapp/build/Pods
    builtin-copy -exclude .DS_Store -exclude CVS -exclude .svn -exclude .git -exclude .hg -resolve-src-symlinks -rename /Users/runner/work/testadmobapp/testadmobapp/build/DerivedData/Build/Intermediates.noindex/Pods.build/Release-iphoneos/AppMetricaLogSwift.build/Objects-normal/arm64/AppMetricaLogSwift.private.swiftinterface /Users/runner/work/testadmobapp/testadmobapp/build/DerivedData/Build/Products/Release-iphoneos/AppMetricaLogSwift/AppMetricaLogSwift.framework/Modules/AppMetricaLogSwift.swiftmodule/arm64-apple-ios.private.swiftinterface
Copy /Users/runner/work/testadmobapp/testadmobapp/build/DerivedData/Build/Products/Release-iphoneos/AppMetricaLogSwift/AppMetricaLogSwift.framework/Modules/AppMetricaLogSwift.swiftmodule/arm64-apple-ios.abi.json /Users/runner/work/testadmobapp/testadmobapp/build/DerivedData/Build/Intermediates.noindex/Pods.build/Release-iphoneos/AppMetricaLogSwift.build/Objects-normal/arm64/AppMetricaLogSwift.abi.json (in target 'AppMetricaLogSwift' from project 'Pods')
    cd /Users/runner/work/testadmobapp/testadmobapp/build/Pods
    builtin-copy -exclude .DS_Store -exclude CVS -exclude .svn -exclude .git -exclude .hg -resolve-src-symlinks -rename /Users/runner/work/testadmobapp/testadmobapp/build/DerivedData/Build/Intermediates.noindex/Pods.build/Release-iphoneos/AppMetricaLogSwift.build/Objects-normal/arm64/AppMetricaLogSwift.abi.json /Users/runner/work/testadmobapp/testadmobapp/build/DerivedData/Build/Products/Release-iphoneos/AppMetricaLogSwift/AppMetricaLogSwift.framework/Modules/AppMetricaLogSwift.swiftmodule/arm64-apple-ios.abi.json
Copy /Users/runner/work/testadmobapp/testadmobapp/build/DerivedData/Build/Products/Release-iphoneos/AppMetricaLogSwift/AppMetricaLogSwift.framework/Modules/AppMetricaLogSwift.swiftmodule/Project/arm64-apple-ios.swiftsourceinfo /Users/runner/work/testadmobapp/testadmobapp/build/DerivedData/Build/Intermediates.noindex/Pods.build/Release-iphoneos/AppMetricaLogSwift.build/Objects-normal/arm64/AppMetricaLogSwift.swiftsourceinfo (in target 'AppMetricaLogSwift' from project 'Pods')
    cd /Users/runner/work/testadmobapp/testadmobapp/build/Pods
    builtin-copy -exclude .DS_Store -exclude CVS -exclude .svn -exclude .git -exclude .hg -resolve-src-symlinks -rename /Users/runner/work/testadmobapp/testadmobapp/build/DerivedData/Build/Intermediates.noindex/Pods.build/Release-iphoneos/AppMetricaLogSwift.build/Objects-normal/arm64/AppMetricaLogSwift.swiftsourceinfo /Users/runner/work/testadmobapp/testadmobapp/build/DerivedData/Build/Products/Release-iphoneos/AppMetricaLogSwift/AppMetricaLogSwift.framework/Modules/AppMetricaLogSwift.swiftmodule/Project/arm64-apple-ios.swiftsourceinfo
CompileC /Users/runner/work/testadmobapp/testadmobapp/build/DerivedData/Build/Intermediates.noindex/Pods.build/Release-iphoneos/KSCrash.build/Objects-normal/arm64/KSMachineContext.o /Users/runner/work/testadmobapp/testadmobapp/build/Pods/KSCrash/Sources/KSCrashRecordingCore/KSMachineContext.c normal arm64 c com.apple.compilers.llvm.clang.1_0.compiler (in target 'KSCrash' from project 'Pods')
    cd /Users/runner/work/testadmobapp/testadmobapp/build/Pods
    /Applications/Xcode_15.4.app/Contents/Developer/Toolchains/XcodeDefault.xctoolchain/usr/bin/clang -x c -ivfsstatcache /Users/runner/work/testadmobapp/testadmobapp/build/DerivedData/SDKStatCaches.noindex/iphoneos17.5-21F77-f0fa7969d082b13145125136a829df3a.sdkstatcache -fmessage-length\=0 -fdiagnostics-show-note-include-stack -fmacro-backtrace-limit\=0 -fno-color-diagnostics -fmodules-prune-interval\=86400 -fmodules-prune-after\=345600 -fbuild-session-file\=/Users/runner/work/testadmobapp/testadmobapp/build/DerivedData/ModuleCache.noindex/Session.modulevalidation -fmodules-validate-once-per-build-session -Wnon-modular-include-in-framework-module -Werror\=non-modular-include-in-framework-module -Wno-trigraphs -Wno-missing-field-initializers -Wno-missing-prototypes -Werror\=return-type -Wdocumentation -Wunreachable-code -Werror\=deprecated-objc-isa-usage -Werror\=objc-root-class -Wno-missing-braces -Wparentheses -Wswitch -Wunused-function -Wno-unused-label -Wno-unused-parameter -Wunused-variable -Wunused-valu
CompileC /Users/runner/work/testadmobapp/testadmobapp/build/DerivedData/Build/Intermediates.noindex/Pods.build/Release-iphoneos/KSCrash.build/Objects-normal/arm64/KSMach.o /Users/runner/work/testadmobapp/testadmobapp/build/Pods/KSCrash/Sources/KSCrashRecordingCore/KSMach.c normal arm64 c com.apple.compilers.llvm.clang.1_0.compiler (in target 'KSCrash' from project 'Pods')
    cd /Users/runner/work/testadmobapp/testadmobapp/build/Pods
** BUILD FAILED **
The following build commands failed:
	SwiftEmitModule normal arm64 Emitting\ module\ for\ VGSLFundamentals (in target 'VGSLFundamentals' from project 'Pods')
(1 failure)
    /Applications/Xcode_15.4.app/Contents/Developer/Toolchains/XcodeDefault.xctoolchain/usr/bin/clang -x c -ivfsstatcache /Users/runner/work/testadmobapp/testadmobapp/build/DerivedData/SDKStatCaches.noindex/iphoneos17.5-21F77-f0fa7969d082b13145125136a829df3a.sdkstatcache -fmessage-length\=0 -fdiagnostics-show-note-include-stack -fmacro-backtrace-limit\=0 -fno-color-diagnostics -fmodules-prune-interval\=86400 -fmodules-prune-after\=345600 -fbuild-session-file\=/Users/runner/work/testadmobapp/testadmobapp/build/DerivedData/ModuleCache.noindex/Session.modulevalidation -fmodules-validate-once-per-build-session -Wnon-modular-include-in-framework-module -Werror\=non-modular-include-in-framework-module -Wno-trigraphs -Wno-missing-field-initializers -Wno-missing-prototypes -Werror\=return-type -Wdocumentation -Wunreachable-code -Werror\=deprecated-objc-isa-usage -Werror\=objc-root-class -Wno-missing-braces -Wparentheses -Wswitch -Wunused-function -Wno-unused-label -Wno-unused-parameter -Wunused-variable -Wunused-valu
CompileC /Users/runner/work/testadmobapp/testadmobapp/build/DerivedData/Build/Intermediates.noindex/Pods.build/Release-iphoneos/KSCrash.build/Objects-normal/arm64/KSMach-O.o /Users/runner/work/testadmobapp/testadmobapp/build/Pods/KSCrash/Sources/KSCrashRecordingCore/KSMach-O.c normal arm64 c com.apple.compilers.llvm.clang.1_0.compiler (in target 'KSCrash' from project 'Pods')
    cd /Users/runner/work/testadmobapp/testadmobapp/build/Pods
    /Applications/Xcode_15.4.app/Contents/Developer/Toolchains/XcodeDefault.xctoolchain/usr/bin/clang -x c -ivfsstatcache /Users/runner/work/testadmobapp/testadmobapp/build/DerivedData/SDKStatCaches.noindex/iphoneos17.5-21F77-f0fa7969d082b13145125136a829df3a.sdkstatcache -fmessage-length\=0 -fdiagnostics-show-note-include-stack -fmacro-backtrace-limit\=0 -fno-color-diagnostics -fmodules-prune-interval\=86400 -fmodules-prune-after\=345600 -fbuild-session-file\=/Users/runner/work/testadmobapp/testadmobapp/build/DerivedData/ModuleCache.noindex/Session.modulevalidation -fmodules-validate-once-per-build-session -Wnon-modular-include-in-framework-module -Werror\=non-modular-include-in-framework-module -Wno-trigraphs -Wno-missing-field-initializers -Wno-missing-prototypes -Werror\=return-type -Wdocumentation -Wunreachable-code -Werror\=deprecated-objc-isa-usage -Werror\=objc-root-class -Wno-missing-braces -Wparentheses -Wswitch -Wunused-function -Wno-unused-label -Wno-unused-parameter -Wunused-variable -Wunused-valu
CompileC /Users/runner/work/testadmobapp/testadmobapp/build/DerivedData/Build/Intermediates.noindex/Pods.build/Release-iphoneos/KSCrash.build/Objects-normal/arm64/KSLogger.o /Users/runner/work/testadmobapp/testadmobapp/build/Pods/KSCrash/Sources/KSCrashRecordingCore/KSLogger.c normal arm64 c com.apple.compilers.llvm.clang.1_0.compiler (in target 'KSCrash' from project 'Pods')
    cd /Users/runner/work/testadmobapp/testadmobapp/build/Pods
    /Applications/Xcode_15.4.app/Contents/Developer/Toolchains/XcodeDefault.xctoolchain/usr/bin/clang -x c -ivfsstatcache /Users/runner/work/testadmobapp/testadmobapp/build/DerivedData/SDKStatCaches.noindex/iphoneos17.5-21F77-f0fa7969d082b13145125136a829df3a.sdkstatcache -fmessage-length\=0 -fdiagnostics-show-note-include-stack -fmacro-backtrace-limit\=0 -fno-color-diagnostics -fmodules-prune-interval\=86400 -fmodules-prune-after\=345600 -fbuild-session-file\=/Users/runner/work/testadmobapp/testadmobapp/build/DerivedData/ModuleCache.noindex/Session.modulevalidation -fmodules-validate-once-per-build-session -Wnon-modular-include-in-framework-module -Werror\=non-modular-include-in-framework-module -Wno-trigraphs -Wno-missing-field-initializers -Wno-missing-prototypes -Werror\=return-type -Wdocumentation -Wunreachable-code -Werror\=deprecated-objc-isa-usage -Werror\=objc-root-class -Wno-missing-braces -Wparentheses -Wswitch -Wunused-function -Wno-unused-label -Wno-unused-parameter -Wunused-variable -Wunused-valu
CompileC /Users/runner/work/testadmobapp/testadmobapp/build/DerivedData/Build/Intermediates.noindex/Pods.build/Release-iphoneos/KSCrash.build/Objects-normal/arm64/KSJSONCodecObjC.o /Users/runner/work/testadmobapp/testadmobapp/build/Pods/KSCrash/Sources/KSCrashRecordingCore/KSJSONCodecObjC.m normal arm64 objective-c com.apple.compilers.llvm.clang.1_0.compiler (in target 'KSCrash' from project 'Pods')
    cd /Users/runner/work/testadmobapp/testadmobapp/build/Pods
    /Applications/Xcode_15.4.app/Contents/Developer/Toolchains/XcodeDefault.xctoolchain/usr/bin/clang -x objective-c -ivfsstatcache /Users/runner/work/testadmobapp/testadmobapp/build/DerivedData/SDKStatCaches.noindex/iphoneos17.5-21F77-f0fa7969d082b13145125136a829df3a.sdkstatcache -fmessage-length\=0 -fdiagnostics-show-note-include-stack -fmacro-backtrace-limit\=0 -fno-color-diagnostics -fmodules-prune-interval\=86400 -fmodules-prune-after\=345600 -fbuild-session-file\=/Users/runner/work/testadmobapp/testadmobapp/build/DerivedData/ModuleCache.noindex/Session.modulevalidation -fmodules-validate-once-per-build-session -Wnon-modular-include-in-framework-module -Werror\=non-modular-include-in-framework-module -Wno-trigraphs -Wno-missing-field-initializers -Wno-missing-prototypes -Werror\=return-type -Wdocumentation -Wunreachable-code -Wno-implicit-atomic-properties -Werror\=deprecated-objc-isa-usage -Wno-objc-interface-ivars -Werror\=objc-root-class -Wno-arc-repeated-use-of-weak -Wimplicit-retain-self -Wduplicate
CompileC /Users/runner/work/testadmobapp/testadmobapp/build/DerivedData/Build/Intermediates.noindex/Pods.build/Release-iphoneos/KSCrash.build/Objects-normal/arm64/KSJSONCodec.o /Users/runner/work/testadmobapp/testadmobapp/build/Pods/KSCrash/Sources/KSCrashRecordingCore/KSJSONCodec.c normal arm64 c com.apple.compilers.llvm.clang.1_0.compiler (in target 'KSCrash' from project 'Pods')
    cd /Users/runner/work/testadmobapp/testadmobapp/build/Pods
    /Applications/Xcode_15.4.app/Contents/Developer/Toolchains/XcodeDefault.xctoolchain/usr/bin/clang -x c -ivfsstatcache /Users/runner/work/testadmobapp/testadmobapp/build/DerivedData/SDKStatCaches.noindex/iphoneos17.5-21F77-f0fa7969d082b13145125136a829df3a.sdkstatcache -fmessage-length\=0 -fdiagnostics-show-note-include-stack -fmacro-backtrace-limit\=0 -fno-color-diagnostics -fmodules-prune-interval\=86400 -fmodules-prune-after\=345600 -fbuild-session-file\=/Users/runner/work/testadmobapp/testadmobapp/build/DerivedData/ModuleCache.noindex/Session.modulevalidation -fmodules-validate-once-per-build-session -Wnon-modular-include-in-framework-module -Werror\=non-modular-include-in-framework-module -Wno-trigraphs -Wno-missing-field-initializers -Wno-missing-prototypes -Werror\=return-type -Wdocumentation -Wunreachable-code -Werror\=deprecated-objc-isa-usage -Werror\=objc-root-class -Wno-missing-braces -Wparentheses -Wswitch -Wunused-function -Wno-unused-label -Wno-unused-parameter -Wunused-variable -Wunused-valu
CompileC /Users/runner/work/testadmobapp/testadmobapp/build/DerivedData/Build/Intermediates.noindex/Pods.build/Release-iphoneos/KSCrash.build/Objects-normal/arm64/KSID.o /Users/runner/work/testadmobapp/testadmobapp/build/Pods/KSCrash/Sources/KSCrashRecordingCore/KSID.c normal arm64 c com.apple.compilers.llvm.clang.1_0.compiler (in target 'KSCrash' from project 'Pods')
    cd /Users/runner/work/testadmobapp/testadmobapp/build/Pods
    /Applications/Xcode_15.4.app/Contents/Developer/Toolchains/XcodeDefault.xctoolchain/usr/bin/clang -x c -ivfsstatcache /Users/runner/work/testadmobapp/testadmobapp/build/DerivedData/SDKStatCaches.noindex/iphoneos17.5-21F77-f0fa7969d082b13145125136a829df3a.sdkstatcache -fmessage-length\=0 -fdiagnostics-show-note-include-stack -fmacro-backtrace-limit\=0 -fno-color-diagnostics -fmodules-prune-interval\=86400 -fmodules-prune-after\=345600 -fbuild-session-file\=/Users/runner/work/testadmobapp/testadmobapp/build/DerivedData/ModuleCache.noindex/Session.modulevalidation -fmodules-validate-once-per-build-session -Wnon-modular-include-in-framework-module -Werror\=non-modular-include-in-framework-module -Wno-trigraphs -Wno-missing-field-initializers -Wno-missing-prototypes -Werror\=return-type -Wdocumentation -Wunreachable-code -Werror\=deprecated-objc-isa-usage -Werror\=objc-root-class -Wno-missing-braces -Wparentheses -Wswitch -Wunused-function -Wno-unused-label -Wno-unused-parameter -Wunused-variable -Wunused-valu
Error: Process completed with exit code 65.