   cd /Users/runner/work/testadmobapp/testadmobapp/build
    write-file /Users/runner/work/testadmobapp/testadmobapp/build/DerivedData/Build/Intermediates.noindex/ios_xcode.build/Release-iphoneos/ios_xcode.build/ios_xcode-all-non-framework-target-headers.hmap
WriteAuxiliaryFile /Users/runner/work/testadmobapp/testadmobapp/build/DerivedData/Build/Intermediates.noindex/ios_xcode.build/Release-iphoneos/ios_xcode.build/all-product-headers.yaml (in target 'ios_xcode' from project 'ios_xcode')
    cd /Users/runner/work/testadmobapp/testadmobapp/build
    write-file /Users/runner/work/testadmobapp/testadmobapp/build/DerivedData/Build/Intermediates.noindex/ios_xcode.build/Release-iphoneos/ios_xcode.build/all-product-headers.yaml
Libtool /Users/runner/work/testadmobapp/testadmobapp/build/DerivedData/Build/Products/Release-iphoneos/Pods_ios_xcode.framework/Pods_ios_xcode normal (in target 'Pods-ios_xcode' from project 'Pods')
    cd /Users/runner/work/testadmobapp/testadmobapp/build/Pods
    /Applications/Xcode_15.4.app/Contents/Developer/Toolchains/XcodeDefault.xctoolchain/usr/bin/libtool -static -arch_only arm64 -D -syslibroot /Applications/Xcode_15.4.app/Contents/Developer/Platforms/iPhoneOS.platform/Developer/SDKs/iPhoneOS17.5.sdk -L/Users/runner/work/testadmobapp/testadmobapp/build/DerivedData/Build/Products/Release-iphoneos -L/Applications/Xcode_15.4.app/Contents/Developer/Toolchains/XcodeDefault.xctoolchain/usr/lib/swift/iphoneos -L/Applications/Xcode_15.4.app/Contents/Developer/Platforms/iPhoneOS.platform/Developer/SDKs/iPhoneOS17.5.sdk/usr/lib/swift -filelist /Users/runner/work/testadmobapp/testadmobapp/build/DerivedData/Build/Intermediates.noindex/Pods.build/Release-iphoneos/Pods-ios_xcode.build/Objects-normal/arm64/Pods_ios_xcode.LinkFileList -framework Foundation -dependency_info /Users/runner/work/testadmobapp/testadmobapp/build/DerivedData/Build/Intermediates.noindex/Pods.build/Release-iphoneos/Pods-ios_xcode.build/Objects-normal/arm64/Pods_ios_xcode_libtool_dependency_info.dat 
CopySwiftLibs /Users/runner/work/testadmobapp/testadmobapp/build/DerivedData/Build/Products/Release-iphoneos/Pods_ios_xcode.framework (in target 'Pods-ios_xcode' from project 'Pods')
    cd /Users/runner/work/testadmobapp/testadmobapp/build/Pods
    builtin-swiftStdLibTool --copy --verbose --scan-executable /Users/runner/work/testadmobapp/testadmobapp/build/DerivedData/Build/Products/Release-iphoneos/Pods_ios_xcode.framework/Pods_ios_xcode --scan-folder /Users/runner/work/testadmobapp/testadmobapp/build/DerivedData/Build/Products/Release-iphoneos/Pods_ios_xcode.framework/Frameworks --scan-folder /Users/runner/work/testadmobapp/testadmobapp/build/DerivedData/Build/Products/Release-iphoneos/Pods_ios_xcode.framework/PlugIns --scan-folder /Users/runner/work/testadmobapp/testadmobapp/build/DerivedData/Build/Products/Release-iphoneos/Pods_ios_xcode.framework/SystemExtensions --scan-folder /Users/runner/work/testadmobapp/testadmobapp/build/DerivedData/Build/Products/Release-iphoneos/Pods_ios_xcode.framework/Extensions --scan-folder /Applications/Xcode_15.4.app/Contents/Developer/Platforms/iPhoneOS.platform/Developer/SDKs/iPhoneOS18.0.sdk/System/Library/Frameworks/Foundation.framework --platform iphoneos --toolchain /Applications/Xcode_15.4.app/Contents/Deve
Failed to scan executable: /Users/runner/work/testadmobapp/testadmobapp/build/DerivedData/Build/Products/Release-iphoneos/Pods_ios_xcode.framework/Pods_ios_xcode
Ignoring --strip-bitcode because --sign was not passed
Exiting early, found no Swift version in executables.
RegisterExecutionPolicyException /Users/runner/work/testadmobapp/testadmobapp/build/DerivedData/Build/Products/Release-iphoneos/Pods_ios_xcode.framework (in target 'Pods-ios_xcode' from project 'Pods')
    cd /Users/runner/work/testadmobapp/testadmobapp/build/Pods
    builtin-RegisterExecutionPolicyException /Users/runner/work/testadmobapp/testadmobapp/build/DerivedData/Build/Products/Release-iphoneos/Pods_ios_xcode.framework
Touch /Users/runner/work/testadmobapp/testadmobapp/build/DerivedData/Build/Products/Release-iphoneos/Pods_ios_xcode.framework (in target 'Pods-ios_xcode' from project 'Pods')
    cd /Users/runner/work/testadmobapp/testadmobapp/build/Pods
    /usr/bin/touch -c /Users/runner/work/testadmobapp/testadmobapp/build/DerivedData/Build/Products/Release-iphoneos/Pods_ios_xcode.framework
WriteAuxiliaryFile /Users/runner/work/testadmobapp/testadmobapp/build/DerivedData/Build/Intermediates.noindex/ios_xcode.build/Release-iphoneos/ios_xcode.build/Script-8F1F13196D5771724E0CA2B6.sh (in target 'ios_xcode' from project 'ios_xcode')
    cd /Users/runner/work/testadmobapp/testadmobapp/build
    write-file /Users/runner/work/testadmobapp/testadmobapp/build/DerivedData/Build/Intermediates.noindex/ios_xcode.build/Release-iphoneos/ios_xcode.build/Script-8F1F13196D5771724E0CA2B6.sh
PhaseScriptExecution [CP]\ Check\ Pods\ Manifest.lock /Users/runner/work/testadmobapp/testadmobapp/build/DerivedData/Build/Intermediates.noindex/ios_xcode.build/Release-iphoneos/ios_xcode.build/Script-8F1F13196D5771724E0CA2B6.sh (in target 'ios_xcode' from project 'ios_xcode')
    cd /Users/runner/work/testadmobapp/testadmobapp/build
    /bin/sh -c /Users/runner/work/testadmobapp/testadmobapp/build/DerivedData/Build/Intermediates.noindex/ios_xcode.build/Release-iphoneos/ios_xcode.build/Script-8F1F13196D5771724E0CA2B6.sh
WriteAuxiliaryFile /Users/runner/work/testadmobapp/testadmobapp/build/DerivedData/Build/Intermediates.noindex/ios_xcode.build/Release-iphoneos/ios_xcode.build/Objects-normal/arm64/ios_xcode.LinkFileList (in target 'ios_xcode' from project 'ios_xcode')
    cd /Users/runner/work/testadmobapp/testadmobapp/build
    write-file /Users/runner/work/testadmobapp/testadmobapp/build/DerivedData/Build/Intermediates.noindex/ios_xcode.build/Release-iphoneos/ios_xcode.build/Objects-normal/arm64/ios_xcode.LinkFileList
WriteAuxiliaryFile /Users/runner/work/testadmobapp/testadmobapp/build/DerivedData/Build/Intermediates.noindex/ios_xcode.build/Release-iphoneos/ios_xcode.build/Objects-normal/arm64/82b82416624d2658e5098eb0a28c15c5-common-args.resp (in target 'ios_xcode' from project 'ios_xcode')
    cd /Users/runner/work/testadmobapp/testadmobapp/build
    write-file /Users/runner/work/testadmobapp/testadmobapp/build/DerivedData/Build/Intermediates.noindex/ios_xcode.build/Release-iphoneos/ios_xcode.build/Objects-normal/arm64/82b82416624d2658e5098eb0a28c15c5-common-args.resp
-target arm64-apple-ios13.0 '-std=gnu++11' '-stdlib=libc++' -fmodules -gmodules '-fmodules-cache-path=/Users/runner/work/testadmobapp/testadmobapp/build/DerivedData/ModuleCache.noindex' -fpascal-strings -Os '-DCOCOAPODS=1' -isysroot /Applications/Xcode_15.4.app/Contents/Developer/Platforms/iPhoneOS.platform/Developer/SDKs/iPhoneOS17.5.sdk -g '-fvisibility=hidden' -fvisibility-inlines-hidden -iquote /Users/runner/work/testadmobapp/testadmobapp/build/DerivedData/Build/Intermediates.noindex/ios_xcode.build/Release-iphoneos/ios_xcode.build/ios_xcode-generated-files.hmap -I/Users/runner/work/testadmobapp/testadmobapp/build/DerivedData/Build/Intermediates.noindex/ios_xcode.build/Release-iphoneos/ios_xcode.build/ios_xcode-own-target-headers.hmap -I/Users/runner/work/testadmobapp/testadmobapp/build/DerivedData/Build/Intermediates.noindex/ios_xcode.build/Release-iphoneos/ios_xcode.build/ios_xcode-all-non-framework-target-headers.hmap -ivfsoverlay /Users/runner/work/testadmobapp/testadmobapp/build/DerivedData/Build/Int
GenerateAssetSymbols /Users/runner/work/testadmobapp/testadmobapp/build/ios_xcode/Images.xcassets (in target 'ios_xcode' from project 'ios_xcode')
    cd /Users/runner/work/testadmobapp/testadmobapp/build
    /Applications/Xcode_15.4.app/Contents/Developer/usr/bin/actool --output-format human-readable-text --notices --warnings --export-dependency-info /Users/runner/work/testadmobapp/testadmobapp/build/DerivedData/Build/Intermediates.noindex/ios_xcode.build/Release-iphoneos/ios_xcode.build/assetcatalog_dependencies --output-partial-info-plist /Users/runner/work/testadmobapp/testadmobapp/build/DerivedData/Build/Intermediates.noindex/ios_xcode.build/Release-iphoneos/ios_xcode.build/assetcatalog_generated_info.plist --app-icon AppIcon --compress-pngs --enable-on-demand-resources YES --development-region en --target-device iphone --target-device ipad --minimum-deployment-target 13.0 --platform iphoneos --compile /Users/runner/work/testadmobapp/testadmobapp/build/DerivedData/Build/Products/Release-iphoneos/ios_xcode.app /Users/runner/work/testadmobapp/testadmobapp/build/ios_xcode/Images.xcassets --bundle-identifier com.example.game --generate-objc-asset-symbols /Users/runner/work/testadmobapp/testadmobapp/build/Deri
/* com.apple.actool.compilation-results */
/Users/runner/work/testadmobapp/testadmobapp/build/DerivedData/Build/Intermediates.noindex/ios_xcode.build/Release-iphoneos/ios_xcode.build/DerivedSources/GeneratedAssetSymbols-Index.plist
/Users/runner/work/testadmobapp/testadmobapp/build/DerivedData/Build/Intermediates.noindex/ios_xcode.build/Release-iphoneos/ios_xcode.build/DerivedSources/GeneratedAssetSymbols.h
CpResource /Users/runner/work/testadmobapp/testadmobapp/build/DerivedData/Build/Products/Release-iphoneos/ios_xcode.app/ios_xcode.pck /Users/runner/work/testadmobapp/testadmobapp/build/ios_xcode.pck (in target 'ios_xcode' from project 'ios_xcode')
    cd /Users/runner/work/testadmobapp/testadmobapp/build
    builtin-copy -exclude .DS_Store -exclude CVS -exclude .svn -exclude .git -exclude .hg -strip-unsigned-binaries -strip-deterministic -strip-tool /Applications/Xcode_15.4.app/Contents/Developer/Toolchains/XcodeDefault.xctoolchain/usr/bin/strip -resolve-src-symlinks /Users/runner/work/testadmobapp/testadmobapp/build/ios_xcode.pck /Users/runner/work/testadmobapp/testadmobapp/build/DerivedData/Build/Products/Release-iphoneos/ios_xcode.app
CpResource /Users/runner/work/testadmobapp/testadmobapp/build/DerivedData/Build/Products/Release-iphoneos/ios_xcode.app/PrivacyInfo.xcprivacy /Users/runner/work/testadmobapp/testadmobapp/build/PrivacyInfo.xcprivacy (in target 'ios_xcode' from project 'ios_xcode')
    cd /Users/runner/work/testadmobapp/testadmobapp/build
    builtin-copy -exclude .DS_Store -exclude CVS -exclude .svn -exclude .git -exclude .hg -strip-unsigned-binaries -strip-deterministic -strip-tool /Applications/Xcode_15.4.app/Contents/Developer/Toolchains/XcodeDefault.xctoolchain/usr/bin/strip -resolve-src-symlinks /Users/runner/work/testadmobapp/testadmobapp/build/PrivacyInfo.xcprivacy /Users/runner/work/testadmobapp/testadmobapp/build/DerivedData/Build/Products/Release-iphoneos/ios_xcode.app
CopyStringsFile /Users/runner/work/testadmobapp/testadmobapp/build/DerivedData/Build/Products/Release-iphoneos/ios_xcode.app/en.lproj/InfoPlist.strings /Users/runner/work/testadmobapp/testadmobapp/build/ios_xcode/en.lproj/InfoPlist.strings (in target 'ios_xcode' from project 'ios_xcode')
    cd /Users/runner/work/testadmobapp/testadmobapp/build
    builtin-copyStrings --validate --outputencoding binary --outfilename InfoPlist.strings --outdir /Users/runner/work/testadmobapp/testadmobapp/build/DerivedData/Build/Products/Release-iphoneos/ios_xcode.app/en.lproj -- /Users/runner/work/testadmobapp/testadmobapp/build/ios_xcode/en.lproj/InfoPlist.strings
/Users/runner/work/testadmobapp/testadmobapp/build/ios_xcode/en.lproj/InfoPlist.strings:1:1: note: detected encoding of input file as Unicode (UTF-8) (in target 'ios_xcode' from project 'ios_xcode')
CompileStoryboard /Users/runner/work/testadmobapp/testadmobapp/build/ios_xcode/Launch\ Screen.storyboard (in target 'ios_xcode' from project 'ios_xcode')
    cd /Users/runner/work/testadmobapp/testadmobapp/build
    /Applications/Xcode_15.4.app/Contents/Developer/usr/bin/ibtool --errors --warnings --notices --module ios_xcode --output-partial-info-plist /Users/runner/work/testadmobapp/testadmobapp/build/DerivedData/Build/Intermediates.noindex/ios_xcode.build/Release-iphoneos/ios_xcode.build/Launch\ Screen-SBPartialInfo.plist --auto-activate-custom-fonts --target-device iphone --target-device ipad --minimum-deployment-target 13.0 --output-format human-readable-text --compilation-directory /Users/runner/work/testadmobapp/testadmobapp/build/DerivedData/Build/Intermediates.noindex/ios_xcode.build/Release-iphoneos/ios_xcode.build /Users/runner/work/testadmobapp/testadmobapp/build/ios_xcode/Launch\ Screen.storyboard
CompileAssetCatalog /Users/runner/work/testadmobapp/testadmobapp/build/DerivedData/Build/Products/Release-iphoneos/ios_xcode.app /Users/runner/work/testadmobapp/testadmobapp/build/ios_xcode/Images.xcassets (in target 'ios_xcode' from project 'ios_xcode')
    cd /Users/runner/work/testadmobapp/testadmobapp/build
    /Applications/Xcode_15.4.app/Contents/Developer/usr/bin/actool --output-format human-readable-text --notices --warnings --export-dependency-info /Users/runner/work/testadmobapp/testadmobapp/build/DerivedData/Build/Intermediates.noindex/ios_xcode.build/Release-iphoneos/ios_xcode.build/assetcatalog_dependencies --output-partial-info-plist /Users/runner/work/testadmobapp/testadmobapp/build/DerivedData/Build/Intermediates.noindex/ios_xcode.build/Release-iphoneos/ios_xcode.build/assetcatalog_generated_info.plist --app-icon AppIcon --compress-pngs --enable-on-demand-resources YES --development-region en --target-device iphone --target-device ipad --minimum-deployment-target 13.0 --platform iphoneos --compile /Users/runner/work/testadmobapp/testadmobapp/build/DerivedData/Build/Products/Release-iphoneos/ios_xcode.app /Users/runner/work/testadmobapp/testadmobapp/build/ios_xcode/Images.xcassets
CompileC /Users/runner/work/testadmobapp/testadmobapp/build/DerivedData/Build/Intermediates.noindex/ios_xcode.build/Release-iphoneos/ios_xcode.build/Objects-normal/arm64/dummy.o /Users/runner/work/testadmobapp/testadmobapp/build/ios_xcode/dummy.cpp normal arm64 c++ com.apple.compilers.llvm.clang.1_0.compiler (in target 'ios_xcode' from project 'ios_xcode')
    cd /Users/runner/work/testadmobapp/testadmobapp/build
    /Applications/Xcode_15.4.app/Contents/Developer/Toolchains/XcodeDefault.xctoolchain/usr/bin/clang -x c++ -ivfsstatcache /Users/runner/work/testadmobapp/testadmobapp/build/DerivedData/SDKStatCaches.noindex/iphoneos17.5-21F77-f0fa7969d082b13145125136a829df3a.sdkstatcache -fmessage-length\=0 -fdiagnostics-show-note-include-stack -fmacro-backtrace-limit\=0 -fno-color-diagnostics -fmodules-prune-interval\=86400 -fmodules-prune-after\=345600 -fbuild-session-file\=/Users/runner/work/testadmobapp/testadmobapp/build/DerivedData/ModuleCache.noindex/Session.modulevalidation -fmodules-validate-once-per-build-session -Wnon-modular-include-in-framework-module -Werror\=non-modular-include-in-framework-module -Wno-trigraphs -Wno-missing-field-initializers -Wno-missing-prototypes -Werror\=return-type -Werror\=deprecated-objc-isa-usage -Werror\=objc-root-class -Wno-non-virtual-dtor -Wno-overloaded-virtual -Wno-exit-time-destructors -Wno-missing-braces -Wparentheses -Wswitch -Wunused-function -Wno-unused-label -Wno-unused-p
/Users/runner/work/testadmobapp/testadmobapp/build/ios_xcode/dummy.cpp:48:8: error: expected unqualified-id
extern "C" void yandex_ads_init();
       ^
/Users/runner/work/testadmobapp/testadmobapp/build/ios_xcode/dummy.cpp:49:8: error: expected unqualified-id
** BUILD FAILED **
extern "C" void yandex_ads_deinit();
       ^
2 errors generated.
The following build commands failed:
	CompileC /Users/runner/work/testadmobapp/testadmobapp/build/DerivedData/Build/Intermediates.noindex/ios_xcode.build/Release-iphoneos/ios_xcode.build/Objects-normal/arm64/dummy.o /Users/runner/work/testadmobapp/testadmobapp/build/ios_xcode/dummy.cpp normal arm64 c++ com.apple.compilers.llvm.clang.1_0.compiler (in target 'ios_xcode' from project 'ios_xcode')
(1 failure)
Error: Process completed with exit code 65.